----------------------------------------------------------------
Thu Sep 09 18:02:56 IST 2021:
Booting Derby version The Apache Software Foundation - Apache Derby - 10.14.2.0 - (1828579): instance a816c00e-017b-ca8b-f584-000001ecdcd0 
on database directory memory:D:\Assignments\Angular\advertisement.server\c6e25bfe-6177-4443-bc94-25fdcb929738 with class loader jdk.internal.loader.ClassLoaders$AppClassLoader@73d16e93 
Loaded from file:/C:/Users/Admin/.m2/repository/org/apache/derby/derby/10.14.2.0/derby-10.14.2.0.jar
java.vendor=Oracle Corporation
java.runtime.version=15.0.1+9-18
user.dir=D:\Assignments\Angular\advertisement.server
os.name=Windows 10
os.arch=amd64
os.version=10.0
derby.system.home=null
Database Class Loader started - derby.database.classpath=''
----------------------------------------------------------------
Thu Sep 09 18:07:06 IST 2021:
Shutting down instance a816c00e-017b-ca8b-f584-000001ecdcd0 on database directory memory:D:\Assignments\Angular\advertisement.server\c6e25bfe-6177-4443-bc94-25fdcb929738 with class loader jdk.internal.loader.ClassLoaders$AppClassLoader@73d16e93 
----------------------------------------------------------------
Thu Sep 09 18:07:07 IST 2021:
Booting Derby version The Apache Software Foundation - Apache Derby - 10.14.2.0 - (1828579): instance 30fbc0bb-017b-ca8b-f584-000001ecdcd0 
on database directory memory:D:\Assignments\Angular\advertisement.server\1eacb5ea-7ed6-46b0-8e80-d83e8cd9d109 with class loader jdk.internal.loader.ClassLoaders$AppClassLoader@73d16e93 
Loaded from file:/C:/Users/Admin/.m2/repository/org/apache/derby/derby/10.14.2.0/derby-10.14.2.0.jar
java.vendor=Oracle Corporation
java.runtime.version=15.0.1+9-18
user.dir=D:\Assignments\Angular\advertisement.server
os.name=Windows 10
os.arch=amd64
os.version=10.0
derby.system.home=null
Database Class Loader started - derby.database.classpath=''
----------------------------------------------------------------
Thu Sep 09 18:11:22 IST 2021:
Shutting down instance 30fbc0bb-017b-ca8b-f584-000001ecdcd0 on database directory memory:D:\Assignments\Angular\advertisement.server\1eacb5ea-7ed6-46b0-8e80-d83e8cd9d109 with class loader jdk.internal.loader.ClassLoaders$AppClassLoader@73d16e93 
----------------------------------------------------------------
Thu Sep 09 18:11:23 IST 2021:
Booting Derby version The Apache Software Foundation - Apache Derby - 10.14.2.0 - (1828579): instance 771b0168-017b-ca8b-f584-000001ecdcd0 
on database directory memory:D:\Assignments\Angular\advertisement.server\62da1211-2474-424a-8c25-03bb6da6a43c with class loader jdk.internal.loader.ClassLoaders$AppClassLoader@73d16e93 
Loaded from file:/C:/Users/Admin/.m2/repository/org/apache/derby/derby/10.14.2.0/derby-10.14.2.0.jar
java.vendor=Oracle Corporation
java.runtime.version=15.0.1+9-18
user.dir=D:\Assignments\Angular\advertisement.server
os.name=Windows 10
os.arch=amd64
os.version=10.0
derby.system.home=null
Database Class Loader started - derby.database.classpath=''
----------------------------------------------------------------
Thu Sep 09 18:19:12 IST 2021:
Shutting down instance 771b0168-017b-ca8b-f584-000001ecdcd0 on database directory memory:D:\Assignments\Angular\advertisement.server\62da1211-2474-424a-8c25-03bb6da6a43c with class loader jdk.internal.loader.ClassLoaders$AppClassLoader@73d16e93 
----------------------------------------------------------------
Thu Sep 09 18:19:14 IST 2021:
Booting Derby version The Apache Software Foundation - Apache Derby - 10.14.2.0 - (1828579): instance ca748215-017b-ca8b-f584-000001ecdcd0 
on database directory memory:D:\Assignments\Angular\advertisement.server\58de42b0-c8f6-4bae-a5a6-c9d54ff74f8c with class loader jdk.internal.loader.ClassLoaders$AppClassLoader@73d16e93 
Loaded from file:/C:/Users/Admin/.m2/repository/org/apache/derby/derby/10.14.2.0/derby-10.14.2.0.jar
java.vendor=Oracle Corporation
java.runtime.version=15.0.1+9-18
user.dir=D:\Assignments\Angular\advertisement.server
os.name=Windows 10
os.arch=amd64
os.version=10.0
derby.system.home=null
Database Class Loader started - derby.database.classpath=''
----------------------------------------------------------------
Thu Sep 09 18:20:00 IST 2021:
Shutting down instance ca748215-017b-ca8b-f584-000001ecdcd0 on database directory memory:D:\Assignments\Angular\advertisement.server\58de42b0-c8f6-4bae-a5a6-c9d54ff74f8c with class loader jdk.internal.loader.ClassLoaders$AppClassLoader@73d16e93 
----------------------------------------------------------------
Thu Sep 09 18:20:03 IST 2021:
Booting Derby version The Apache Software Foundation - Apache Derby - 10.14.2.0 - (1828579): instance 7b0842c2-017b-ca8b-f584-000001ecdcd0 
on database directory memory:D:\Assignments\Angular\advertisement.server\3ae7b0f2-d7f7-4f76-8d33-cc4cd4c51dc4 with class loader jdk.internal.loader.ClassLoaders$AppClassLoader@73d16e93 
Loaded from file:/C:/Users/Admin/.m2/repository/org/apache/derby/derby/10.14.2.0/derby-10.14.2.0.jar
java.vendor=Oracle Corporation
java.runtime.version=15.0.1+9-18
user.dir=D:\Assignments\Angular\advertisement.server
os.name=Windows 10
os.arch=amd64
os.version=10.0
derby.system.home=null
Database Class Loader started - derby.database.classpath=''
----------------------------------------------------------------
Thu Sep 09 18:31:54 IST 2021:
Shutting down instance 7b0842c2-017b-ca8b-f584-000001ecdcd0 on database directory memory:D:\Assignments\Angular\advertisement.server\3ae7b0f2-d7f7-4f76-8d33-cc4cd4c51dc4 with class loader jdk.internal.loader.ClassLoaders$AppClassLoader@73d16e93 
----------------------------------------------------------------
Thu Sep 09 18:31:55 IST 2021:
Booting Derby version The Apache Software Foundation - Apache Derby - 10.14.2.0 - (1828579): instance d8d6436f-017b-ca8b-f584-000001ecdcd0 
on database directory memory:D:\Assignments\Angular\advertisement.server\63c14fb8-b0c8-49d3-936b-43ca3f9a0e6c with class loader jdk.internal.loader.ClassLoaders$AppClassLoader@73d16e93 
Loaded from file:/C:/Users/Admin/.m2/repository/org/apache/derby/derby/10.14.2.0/derby-10.14.2.0.jar
java.vendor=Oracle Corporation
java.runtime.version=15.0.1+9-18
user.dir=D:\Assignments\Angular\advertisement.server
os.name=Windows 10
os.arch=amd64
os.version=10.0
derby.system.home=null
Database Class Loader started - derby.database.classpath=''
----------------------------------------------------------------
Thu Sep 09 19:02:47 IST 2021:
Shutting down instance d8d6436f-017b-ca8b-f584-000001ecdcd0 on database directory memory:D:\Assignments\Angular\advertisement.server\63c14fb8-b0c8-49d3-936b-43ca3f9a0e6c with class loader jdk.internal.loader.ClassLoaders$AppClassLoader@73d16e93 
----------------------------------------------------------------
Thu Sep 09 19:02:48 IST 2021:
Booting Derby version The Apache Software Foundation - Apache Derby - 10.14.2.0 - (1828579): instance 33de841c-017b-ca8b-f584-000001ecdcd0 
on database directory memory:D:\Assignments\Angular\advertisement.server\3bb704a2-f543-4eae-bba5-58a7183697db with class loader jdk.internal.loader.ClassLoaders$AppClassLoader@73d16e93 
Loaded from file:/C:/Users/Admin/.m2/repository/org/apache/derby/derby/10.14.2.0/derby-10.14.2.0.jar
java.vendor=Oracle Corporation
java.runtime.version=15.0.1+9-18
user.dir=D:\Assignments\Angular\advertisement.server
os.name=Windows 10
os.arch=amd64
os.version=10.0
derby.system.home=null
Database Class Loader started - derby.database.classpath=''
----------------------------------------------------------------
Thu Sep 09 19:05:24 IST 2021:
Shutting down instance 33de841c-017b-ca8b-f584-000001ecdcd0 on database directory memory:D:\Assignments\Angular\advertisement.server\3bb704a2-f543-4eae-bba5-58a7183697db with class loader jdk.internal.loader.ClassLoaders$AppClassLoader@73d16e93 
----------------------------------------------------------------
Thu Sep 09 19:05:25 IST 2021:
Booting Derby version The Apache Software Foundation - Apache Derby - 10.14.2.0 - (1828579): instance dc2104c9-017b-ca8b-f584-000001ecdcd0 
on database directory memory:D:\Assignments\Angular\advertisement.server\1bf125bd-01cb-431a-b365-8cb243f16f64 with class loader jdk.internal.loader.ClassLoaders$AppClassLoader@73d16e93 
Loaded from file:/C:/Users/Admin/.m2/repository/org/apache/derby/derby/10.14.2.0/derby-10.14.2.0.jar
java.vendor=Oracle Corporation
java.runtime.version=15.0.1+9-18
user.dir=D:\Assignments\Angular\advertisement.server
os.name=Windows 10
os.arch=amd64
os.version=10.0
derby.system.home=null
Database Class Loader started - derby.database.classpath=''
