----------------------------------------------------------------
Thu Sep 09 12:37:10 IST 2021:
Booting Derby version The Apache Software Foundation - Apache Derby - 10.14.2.0 - (1828579): instance a816c00e-017b-c961-b633-000001dd1708 
on database directory memory:D:\Assignments\Spring-Rest\7fdc5ecf-38c0-402e-a936-8c1af7446cef with class loader jdk.internal.loader.ClassLoaders$AppClassLoader@73d16e93 
Loaded from file:/C:/Users/Admin/.m2/repository/org/apache/derby/derby/10.14.2.0/derby-10.14.2.0.jar
java.vendor=Oracle Corporation
java.runtime.version=15.0.1+9-18
user.dir=D:\Assignments\Spring-Rest
os.name=Windows 10
os.arch=amd64
os.version=10.0
derby.system.home=null
Database Class Loader started - derby.database.classpath=''
----------------------------------------------------------------
Thu Sep 09 12:39:34 IST 2021:
Shutting down instance a816c00e-017b-c961-b633-000001dd1708 on database directory memory:D:\Assignments\Spring-Rest\7fdc5ecf-38c0-402e-a936-8c1af7446cef with class loader jdk.internal.loader.ClassLoaders$AppClassLoader@73d16e93 
----------------------------------------------------------------
Thu Sep 09 12:39:36 IST 2021:
Booting Derby version The Apache Software Foundation - Apache Derby - 10.14.2.0 - (1828579): instance 140200f0-017b-c961-b633-000001dd1708 
on database directory memory:D:\Assignments\Spring-Rest\cbd71d76-f024-43f5-8e07-e90e3e19e267 with class loader jdk.internal.loader.ClassLoaders$AppClassLoader@73d16e93 
Loaded from file:/C:/Users/Admin/.m2/repository/org/apache/derby/derby/10.14.2.0/derby-10.14.2.0.jar
java.vendor=Oracle Corporation
java.runtime.version=15.0.1+9-18
user.dir=D:\Assignments\Spring-Rest
os.name=Windows 10
os.arch=amd64
os.version=10.0
derby.system.home=null
Database Class Loader started - derby.database.classpath=''
